Started work: Сб 06 апр 2024 22:23:39 MSK
--------22:23:45-------- $ echo #PATH
--------22:23:57-------- $ echo $PATH
/home/egor/.local/bin:/usr/local/sbin:/usr/local/bin:/usr/sbin:/usr/bin:/sbin:/bin:/usr/games:/usr/local/games:/snap/bin:/home/egor/OC/lb3/task8
--------23:24:35-------- $ cd task8
--------23:24:42-------- $ cat test.c
#include <unistd.h>
#include <stdlib.h>
#include <stdio.h>

int main(int argc, char *argv[])
{
    for (int i = 1; i < argc; i++) // проходимся по всем заданным аргументам
    {
        switch ((int)argv[i][0]) // определяем аргумент
        {
        case (int)'1':
            printf("Была подана цифра 1\n");
            break;
        case (int)'2':
            printf("Была подана цифра 2\n");
            break;
        case (int)'3':
            printf("Была подана цифра 3\n");
            break;
        case (int)'4':
            printf("Была подана цифра 4\n");
            break;
        case (int)'5':
            printf("Была подана цифра 5\n");
            break;
        case (int)'l':
            printf("Появился какая буква l\n");
            break;
        default:
            printf("Что-то непонятное: %c\n", (int)argv[i][0]);
            break;
        }
    }

    return 0;
}--------23:24:47-------- $ cat task8.c
#include <unistd.h>
#include <stdlib.h>

int main(int argc, char *argv[])
{
    char *args[] = {"test", "1", "2", "3", "4", "5", "6", NULL}; // задаем список аргументов
    char *args2[] = {"ls", "-l", "-a", "-h", NULL};              // задаем список аргументов
    char *env[] = {
        "USER=egor",
        "HOME=/home/egor",
        "PATH=/home/egor/.local/bin:/usr/local/sbin:/usr/local/bin:/usr/sbin:/usr/bin:/sbin:/bin:/usr/games:/usr/local/games:/snap/bin:/home/egor/OC/lb3/task8",
        NULL}; // задаем характеристики среды

    int pid;
    if ((pid = fork()) == 0) // создаем второй поток
    {
        switch ((int)argv[1][0]) // считываем поданные аргумент
        {
        case (int)'1':
            execl("/home/egor/OC/lb3/task8/test", "test", "1", (char *)NULL); // используем list для подачи утилиты и флагов к ней, так же используется полный путь
            break;
        case (int)'2':
            execl("/home/egor/OC/lb3/task8/test", "test", "1", "2", "l", "b", (char *)NULL); //  используем большее количество аргументов
            break;
        case (int)'3':
            execlp("ls", "ls", "-l", (char *)NULL); // поиск пути будет производиться среди путей PATH.
            break;
        case (int)'4':
            execle("test", "test", "1", (char *)NULL, env); // в данном варианте можно задать собственное окружение
            break;
        case (int)'5':
            execv("/home/egor/OC/lb3/task8/test", args); // тут аргументы передаются с помощью вектора args, указывается полный путь
        case (int)'6':
            execvp("ls", args2); // путь берется из PATH, список аргументов и утилита из вектора args2
            break;
        }
    }
}--------00:47:34-------- $ ./a.out 1
Была подана цифра 1
--------00:47:40-------- $ ./a.out 2
Была подана цифра 1
Была подана цифра 2
Появился какая буква l
Что-то непонятное: b
--------00:47:46-------- $ ./a.out 3
итого 40
-rwxrwxr-x 1 egor egor 16224 апр  6 23:02 a.out
-rw-rw-r-- 1 egor egor  2094 апр  7 00:31 task8.c
-rwxrwxr-x 1 egor egor 16000 апр  6 22:44 test
-rw-rw-r-- 1 egor egor  1061 апр  6 23:22 test.c
--------00:47:50-------- $ ./a.out 4
Была подана цифра 1
--------00:47:55-------- $ ./a.out 5
Была подана цифра 1
Была подана цифра 2
Была подана цифра 3
Была подана цифра 4
Была подана цифра 5
Что-то непонятное: 6
--------00:47:59-------- $ ./a.out 6
итого 48K
drwxrwxr-x 2 egor egor 4,0K апр  6 23:02 .
drwxrwxr-x 8 egor egor 4,0K апр  7 00:32 ..
-rwxrwxr-x 1 egor egor  16K апр  6 23:02 a.out
-rw-rw-r-- 1 egor egor 2,1K апр  7 00:31 task8.c
-rwxrwxr-x 1 egor egor  16K апр  6 22:44 test
-rw-rw-r-- 1 egor egor 1,1K апр  6 23:22 test.c
--------01:05:38-------- $ 
